  Wiederherzustellende Projekte werden ermittelt...
E:\GithubSource\Printserver\src\Printserver\Printserver.csproj : warning NU1900: Fehler beim Abrufen von Paketsicherheitsrisikodaten: Der Dienstindex fâ”śâ•ťr die Quelle "https://pkgs.dev.azure.com/GreenerSoftware/_packaging/GreenerSoftwareFeed/nuget/v3/index.json" konnte nicht geladen werden.
  Alle Projekte sind fâ”śâ•ťr die Wiederherstellung auf dem neuesten Stand.
E:\GithubSource\Printserver\src\Printserver\Printserver.csproj : warning NU1900: Fehler beim Abrufen von Paketsicherheitsrisikodaten: Der Dienstindex fâ”śâ•ťr die Quelle "https://pkgs.dev.azure.com/GreenerSoftware/_packaging/GreenerSoftwareFeed/nuget/v3/index.json" konnte nicht geladen werden.
E:\GithubSource\Printserver\src\Printserver\Services\JobProcessor.cs(13,12): warning CS8618: Non-Nullable-Feld Ă”Ă‡Ă—_storeĂ”Ă‡ÂŁ muss beim Beenden des Konstruktors einen Wert ungleich NULL enthalten. Fâ”śâ•ťgen Sie ggf. den Ă”Ă‡Ă—erforderlichenĂ”Ă‡ÂŁ Modifizierer hinzu, oder deklarieren Sie den Feld als NULL-Werte zulassend. [E:\GithubSource\Printserver\src\Printserver\Printserver.csproj]
E:\GithubSource\Printserver\src\Printserver\Services\SerialConnectionService.cs(40,33): error CS1061: "PrintServerOptions" enthâ”śĂ±lt keine Definition fâ”śâ•ťr "SerialPortName", und es konnte keine zugâ”śĂ±ngliche SerialPortName-Erweiterungsmethode gefunden werden, die ein erstes Argument vom Typ "PrintServerOptions" akzeptiert (mâ”śĂ‚glicherweise fehlt eine using-Direktive oder ein Assemblyverweis). [E:\GithubSource\Printserver\src\Printserver\Printserver.csproj]
E:\GithubSource\Printserver\src\Printserver\Services\SerialConnectionService.cs(49,92): error CS1061: "PrintServerOptions" enthâ”śĂ±lt keine Definition fâ”śâ•ťr "BaudRate", und es konnte keine zugâ”śĂ±ngliche BaudRate-Erweiterungsmethode gefunden werden, die ein erstes Argument vom Typ "PrintServerOptions" akzeptiert (mâ”śĂ‚glicherweise fehlt eine using-Direktive oder ein Assemblyverweis). [E:\GithubSource\Printserver\src\Printserver\Printserver.csproj]
E:\GithubSource\Printserver\src\Printserver\Services\SerialConnectionService.cs(50,61): error CS1061: "PrintServerOptions" enthâ”śĂ±lt keine Definition fâ”śâ•ťr "BaudRate", und es konnte keine zugâ”śĂ±ngliche BaudRate-Erweiterungsmethode gefunden werden, die ein erstes Argument vom Typ "PrintServerOptions" akzeptiert (mâ”śĂ‚glicherweise fehlt eine using-Direktive oder ein Assemblyverweis). [E:\GithubSource\Printserver\src\Printserver\Printserver.csproj]
E:\GithubSource\Printserver\src\Printserver\Services\JobProcessor.cs(9,37): warning CS0649: Dem Feld "JobProcessor._store" wird nie etwas zugewiesen, und es hat immer seinen Standardwert von "null". [E:\GithubSource\Printserver\src\Printserver\Printserver.csproj]

Fehler beim Buildvorgang.

E:\GithubSource\Printserver\src\Printserver\Printserver.csproj : warning NU1900: Fehler beim Abrufen von Paketsicherheitsrisikodaten: Der Dienstindex fâ”śâ•ťr die Quelle "https://pkgs.dev.azure.com/GreenerSoftware/_packaging/GreenerSoftwareFeed/nuget/v3/index.json" konnte nicht geladen werden.
E:\GithubSource\Printserver\src\Printserver\Printserver.csproj : warning NU1900: Fehler beim Abrufen von Paketsicherheitsrisikodaten: Der Dienstindex fâ”śâ•ťr die Quelle "https://pkgs.dev.azure.com/GreenerSoftware/_packaging/GreenerSoftwareFeed/nuget/v3/index.json" konnte nicht geladen werden.
E:\GithubSource\Printserver\src\Printserver\Services\JobProcessor.cs(13,12): warning CS8618: Non-Nullable-Feld Ă”Ă‡Ă—_storeĂ”Ă‡ÂŁ muss beim Beenden des Konstruktors einen Wert ungleich NULL enthalten. Fâ”śâ•ťgen Sie ggf. den Ă”Ă‡Ă—erforderlichenĂ”Ă‡ÂŁ Modifizierer hinzu, oder deklarieren Sie den Feld als NULL-Werte zulassend. [E:\GithubSource\Printserver\src\Printserver\Printserver.csproj]
E:\GithubSource\Printserver\src\Printserver\Services\JobProcessor.cs(9,37): warning CS0649: Dem Feld "JobProcessor._store" wird nie etwas zugewiesen, und es hat immer seinen Standardwert von "null". [E:\GithubSource\Printserver\src\Printserver\Printserver.csproj]
E:\GithubSource\Printserver\src\Printserver\Services\SerialConnectionService.cs(40,33): error CS1061: "PrintServerOptions" enthâ”śĂ±lt keine Definition fâ”śâ•ťr "SerialPortName", und es konnte keine zugâ”śĂ±ngliche SerialPortName-Erweiterungsmethode gefunden werden, die ein erstes Argument vom Typ "PrintServerOptions" akzeptiert (mâ”śĂ‚glicherweise fehlt eine using-Direktive oder ein Assemblyverweis). [E:\GithubSource\Printserver\src\Printserver\Printserver.csproj]
E:\GithubSource\Printserver\src\Printserver\Services\SerialConnectionService.cs(49,92): error CS1061: "PrintServerOptions" enthâ”śĂ±lt keine Definition fâ”śâ•ťr "BaudRate", und es konnte keine zugâ”śĂ±ngliche BaudRate-Erweiterungsmethode gefunden werden, die ein erstes Argument vom Typ "PrintServerOptions" akzeptiert (mâ”śĂ‚glicherweise fehlt eine using-Direktive oder ein Assemblyverweis). [E:\GithubSource\Printserver\src\Printserver\Printserver.csproj]
E:\GithubSource\Printserver\src\Printserver\Services\SerialConnectionService.cs(50,61): error CS1061: "PrintServerOptions" enthâ”śĂ±lt keine Definition fâ”śâ•ťr "BaudRate", und es konnte keine zugâ”śĂ±ngliche BaudRate-Erweiterungsmethode gefunden werden, die ein erstes Argument vom Typ "PrintServerOptions" akzeptiert (mâ”śĂ‚glicherweise fehlt eine using-Direktive oder ein Assemblyverweis). [E:\GithubSource\Printserver\src\Printserver\Printserver.csproj]
    4 Warnung(en)
    3 Fehler

Verstrichene Zeit 00:00:03.64
